Unable to capture context for thread 10996 in process 7220, can not generate back trace
Unable to capture context for thread 10640 in process 7220, can not generate back trace
Exception at PC 0x00007FFE90C5BB93
Printing stacktrace...

[0]  [0x00007FFE90C5BB93]
[1]  [0x00007FFE90C5BB93]
[2]  [0x00007FFE90C5B4A1]
[3]  [0x00007FFE90C5B3EF]
[4]  [0x00007FFE90C419FE]
[5]  [0x00007FFE90C40ED1]
[6]  [0x00007FFE90C40D76]
[7]  [0x00007FFE90BE79F6]
[8]  [0x00007FFE90BD7AFB]
[9]  [0x00007FFE90CFE90A]
[10]  [0x00007FFE90D19F87]
[11]  [0x00007FFE90D1A05F]
[12] (BaseThreadInitThunk+0x14) [0x00007FFF03273034]
[13] (RtlUserThreadStart+0x21) [0x00007FFF04C83691]
Done
Exception at PC 0x00007FFE90961A52
Attemped to write at address 0x00007FFEB802ABA4
Printing stacktrace...

[0]  [0x00007FFE90961A52]
[1]  [0x00007FFE90961A52]
[2]  [0x00007FFE90961AD4]
[3]  [0x00007FFE90AA3FF7]
[4]  [0x00007FFE90989128]
[5]  [0x00007FFE90C3DFB9]
[6]  [0x00007FFE90E0EF23]
[7]  [0x00007FFE90D1B06B]
[8]  [0x00007FFE90D108AF]
[9]  [0x00007FFE90D10A32]
[10] (RtlActivateActivationContextUnsafeFast+0x123) [0x00007FFF04C4B583]
[11] (LdrShutdownProcess+0x125) [0x00007FFF04C57F85]
[12] (RtlExitUserProcess+0xd8) [0x00007FFF04C57E48]
[13] (FatalExit+0xa) [0x00007FFF0327B19A]
[14] (exit+0x75) [0x00007FFF02C49CE5]
[15] (initterm_e+0x235) [0x00007FFF02C4A345]
[16]  [0x00000000004014CD]
[17]  [0x000000000040151B]
[18] (BaseThreadInitThunk+0x14) [0x00007FFF03273034]
[19] (RtlUserThreadStart+0x21) [0x00007FFF04C83691]
Done
