#-----------------------------------------------------------
# Vivado v2017.2 (64-bit)
# SW Build 1909853 on Thu Jun 15 18:39:09 MDT 2017
# IP Build 1909766 on Thu Jun 15 19:58:00 MDT 2017
# Start of session at: Mon Jan 14 16:58:03 2019
# Process ID: 11552
# Current directory: D:/TELECO/4o/1er semestre/DSED/proyecto final/controlador final bueno, entrega/controladorV2
# Command line: vivado.exe -gui_launcher_event rodinguilauncherevent15096 D:\TELECO\4o\1er semestre\DSED\proyecto final\controlador final bueno, entrega\controladorV2\controladorV2.xpr
# Log file: D:/TELECO/4o/1er semestre/DSED/proyecto final/controlador final bueno, entrega/controladorV2/vivado.log
# Journal file: D:/TELECO/4o/1er semestre/DSED/proyecto final/controlador final bueno, entrega/controladorV2\vivado.jou
#-----------------------------------------------------------
start_gui
open_project {D:/TELECO/4o/1er semestre/DSED/proyecto final/controlador final bueno, entrega/controladorV2/controladorV2.xpr}
INFO: [ProjectBase 1-489] The host OS only allows 260 characters in a normal path. The project is stored in a path with more than 80 characters. If you experience issues with IP, Block Designs, or files not being found, please consider moving the project to a location with a shorter path. Alternately consider using the OS subst command to map part of the path to a drive letter.
Current project path is 'D:/TELECO/4o/1er semestre/DSED/proyecto final/controlador final bueno, entrega/controladorV2'
Scanning sources...
Finished scanning sources
INFO: [IP_Flow 19-234] Refreshing IP repositories
INFO: [IP_Flow 19-1704] No user IP repositories specified
INFO: [IP_Flow 19-2313] Loaded Vivado IP repository 'C:/Xilinx/Vivado/2017.2/data/ip'.
WARNING: [IP_Flow 19-3664] IP 'MemoriaRAM' generated file not found 'd:/TELECO/4o/1er semestre/DSED/proyecto final/controlador final bueno, entrega/controladorV2/controladorV2.srcs/sources_1/new/MemoriaRAM/stats.txt'. Please regenerate to continue.
open_project: Time (s): cpu = 00:00:10 ; elapsed = 00:00:13 . Memory (MB): peak = 766.277 ; gain = 78.500
update_compile_order -fileset sources_1
exit
INFO: [Common 17-206] Exiting Vivado at Mon Jan 14 18:22:02 2019...
